<?xml version="1.0" encoding="UTF-8"?>
<testng-results skipped="0" failed="1" total="4" passed="3">
  <reporter-output>
  </reporter-output>
  <suite name="BDD Test Suite" duration-ms="59591" started-at="2018-04-16T15:07:23Z" finished-at="2018-04-16T15:08:23Z">
    <groups>
      <group name="cucumber">
        <method signature="TwitterRunner.feature(cucumber.api.testng.CucumberFeatureWrapper)[pri:0, instance:Runner.TwitterRunner@6ea12c19]" name="feature" class="Runner.TwitterRunner"/>
      </group> <!-- cucumber -->
    </groups>
    <test name="Regression Test" duration-ms="59591" started-at="2018-04-16T15:07:23Z" finished-at="2018-04-16T15:08:23Z">
      <class name="Runner.TwitterRunner">
        <test-method status="PASS" signature="setUpClass()[pri:0, instance:Runner.TwitterRunner@6ea12c19]" name="setUpClass" is-config="true" duration-ms="311" started-at="2018-04-16T12:07:23Z" finished-at="2018-04-16T12:07:24Z">
          <reporter-output>
          </reporter-output>
        </test-method> <!-- setUpClass -->
        <test-method status="PASS" signature="feature(cucumber.api.testng.CucumberFeatureWrapper)[pri:0, instance:Runner.TwitterRunner@6ea12c19]" name="feature" duration-ms="8887" started-at="2018-04-16T12:07:24Z" description="Runs Cucumber Feature" data-provider="features" finished-at="2018-04-16T12:07:33Z">
          <params>
            <param index="0">
              <value>
                <![CDATA[Add Tweet]]>
              </value>
            </param>
          </params>
          <reporter-output>
          </reporter-output>
        </test-method> <!-- feature -->
        <test-method status="PASS" signature="feature(cucumber.api.testng.CucumberFeatureWrapper)[pri:0, instance:Runner.TwitterRunner@6ea12c19]" name="feature" duration-ms="10555" started-at="2018-04-16T12:07:33Z" description="Runs Cucumber Feature" data-provider="features" finished-at="2018-04-16T12:07:43Z">
          <params>
            <param index="0">
              <value>
                <![CDATA[Delete Tweet]]>
              </value>
            </param>
          </params>
          <reporter-output>
          </reporter-output>
        </test-method> <!-- feature -->
        <test-method status="PASS" signature="feature(cucumber.api.testng.CucumberFeatureWrapper)[pri:0, instance:Runner.TwitterRunner@6ea12c19]" name="feature" duration-ms="9245" started-at="2018-04-16T12:07:43Z" description="Runs Cucumber Feature" data-provider="features" finished-at="2018-04-16T12:07:52Z">
          <params>
            <param index="0">
              <value>
                <![CDATA[Logout]]>
              </value>
            </param>
          </params>
          <reporter-output>
          </reporter-output>
        </test-method> <!-- feature -->
        <test-method status="FAIL" signature="feature(cucumber.api.testng.CucumberFeatureWrapper)[pri:0, instance:Runner.TwitterRunner@6ea12c19]" name="feature" duration-ms="30333" started-at="2018-04-16T12:07:52Z" description="Runs Cucumber Feature" data-provider="features" finished-at="2018-04-16T12:08:23Z">
          <params>
            <param index="0">
              <value>
                <![CDATA[Login]]>
              </value>
            </param>
          </params>
          <exception class="cucumber.runtime.CucumberException">
            <message>
              <![CDATA[java.lang.AssertionError: ]]>
            </message>
            <full-stacktrace>
              <![CDATA[cucumber.runtime.CucumberException: java.lang.AssertionError: 
	at cucumber.api.testng.TestNGCucumberRunner.runCucumber(TestNGCucumberRunner.java:69)
	at Runner.TwitterRunner.feature(TwitterRunner.java:29)
	at sun.reflect.NativeMethodAccessorImpl.invoke0(Native Method)
	at sun.reflect.NativeMethodAccessorImpl.invoke(NativeMethodAccessorImpl.java:62)
	at sun.reflect.DelegatingMethodAccessorImpl.invoke(DelegatingMethodAccessorImpl.java:43)
	at java.lang.reflect.Method.invoke(Method.java:498)
	at org.testng.internal.MethodInvocationHelper.invokeMethod(MethodInvocationHelper.java:85)
	at org.testng.internal.Invoker.invokeMethod(Invoker.java:639)
	at org.testng.internal.Invoker.invokeTestMethod(Invoker.java:816)
	at org.testng.internal.Invoker.invokeTestMethods(Invoker.java:1124)
	at org.testng.internal.TestMethodWorker.invokeTestMethods(TestMethodWorker.java:125)
	at org.testng.internal.TestMethodWorker.run(TestMethodWorker.java:108)
	at org.testng.TestRunner.privateRun(TestRunner.java:774)
	at org.testng.TestRunner.run(TestRunner.java:624)
	at org.testng.SuiteRunner.runTest(SuiteRunner.java:359)
	at org.testng.SuiteRunner.access$000(SuiteRunner.java:39)
	at org.testng.SuiteRunner$SuiteWorker.run(SuiteRunner.java:393)
	at org.testng.internal.thread.ThreadUtil$2.call(ThreadUtil.java:64)
	at java.util.concurrent.FutureTask.run(FutureTask.java:266)
	at java.util.concurrent.ThreadPoolExecutor.runWorker(ThreadPoolExecutor.java:1149)
	at java.util.concurrent.ThreadPoolExecutor$Worker.run(ThreadPoolExecutor.java:624)
	at java.lang.Thread.run(Thread.java:748)
Caused by: java.lang.AssertionError: 
	at org.testng.AssertJUnit.fail(AssertJUnit.java:59)
	at org.testng.AssertJUnit.assertTrue(AssertJUnit.java:24)
	at org.testng.AssertJUnit.assertFalse(AssertJUnit.java:41)
	at org.testng.AssertJUnit.assertFalse(AssertJUnit.java:49)
	at StepDefinitions.CommonSteps.LoginSteps.assertFrontPage(LoginSteps.java:27)
	at âœ½.Given User is on frontpage(user_login.feature:4)
]]>
            </full-stacktrace>
          </exception> <!-- cucumber.runtime.CucumberException -->
          <reporter-output>
          </reporter-output>
        </test-method> <!-- feature -->
        <test-method status="PASS" signature="tearDownClass()[pri:0, instance:Runner.TwitterRunner@6ea12c19]" name="tearDownClass" is-config="true" duration-ms="63" started-at="2018-04-16T12:08:23Z" finished-at="2018-04-16T12:08:23Z">
          <reporter-output>
          </reporter-output>
        </test-method> <!-- tearDownClass -->
      </class> <!-- Runner.TwitterRunner -->
    </test> <!-- Regression Test -->
  </suite> <!-- BDD Test Suite -->
</testng-results>
