<?xml version="1.0" encoding="UTF-8"?>
<!-- Generated by org.testng.reporters.JUnitXMLReporter -->
<testsuite hostname="Tokenlab-Dev-Meeting-Room.local" name="Regression Test" tests="4" failures="1" timestamp="16 Apr 2018 15:08:23 GMT" time="59.591" errors="0">
  <testcase name="feature" time="8.887" classname="Runner.TwitterRunner"/>
  <testcase name="feature" time="10.555" classname="Runner.TwitterRunner"/>
  <testcase name="feature" time="9.245" classname="Runner.TwitterRunner"/>
  <testcase name="feature" time="30.333" classname="Runner.TwitterRunner">
    <failure type="cucumber.runtime.CucumberException" message="java.lang.AssertionError: ">
      <![CDATA[cucumber.runtime.CucumberException: java.lang.AssertionError: 
	at cucumber.api.testng.TestNGCucumberRunner.runCucumber(TestNGCucumberRunner.java:69)
	at Runner.TwitterRunner.feature(TwitterRunner.java:29)
	at java.util.concurrent.FutureTask.run(FutureTask.java:266)
	at java.util.concurrent.ThreadPoolExecutor.runWorker(ThreadPoolExecutor.java:1149)
	at java.util.concurrent.ThreadPoolExecutor$Worker.run(ThreadPoolExecutor.java:624)
	at java.lang.Thread.run(Thread.java:748)
Caused by: java.lang.AssertionError: 
	at StepDefinitions.CommonSteps.LoginSteps.assertFrontPage(LoginSteps.java:27)
	at âœ½.Given User is on frontpage(user_login.feature:4)
... Removed 20 stack frames]]>
    </failure>
  </testcase> <!-- feature -->
</testsuite> <!-- Regression Test -->
