<html>
<head>
<title>TestNG:  Regression Test</title>
<link href="../testng.css" rel="stylesheet" type="text/css" />
<link href="../my-testng.css" rel="stylesheet" type="text/css" />

<style type="text/css">
.log { display: none;} 
.stack-trace { display: none;} 
</style>
<script type="text/javascript">
<!--
function flip(e) {
  current = e.style.display;
  if (current == 'block') {
    e.style.display = 'none';
    return 0;
  }
  else {
    e.style.display = 'block';
    return 1;
  }
}

function toggleBox(szDivId, elem, msg1, msg2)
{
  var res = -1;  if (document.getElementById) {
    res = flip(document.getElementById(szDivId));
  }
  else if (document.all) {
    // this is the way old msie versions work
    res = flip(document.all[szDivId]);
  }
  if(elem) {
    if(res == 0) elem.innerHTML = msg1; else elem.innerHTML = msg2;
  }

}

function toggleAllBoxes() {
  if (document.getElementsByTagName) {
    d = document.getElementsByTagName('div');
    for (i = 0; i < d.length; i++) {
      if (d[i].className == 'log') {
        flip(d[i]);
      }
    }
  }
}

// -->
</script>

</head>
<body>
<h2 align='center'>Regression Test</h2><table border='1' align="center">
<tr>
<td>Tests passed/Failed/Skipped:</td><td>3/1/0</td>
</tr><tr>
<td>Started on:</td><td>Mon Apr 16 12:07:23 BRT 2018</td>
</tr>
<tr><td>Total time:</td><td>59 seconds (59591 ms)</td>
</tr><tr>
<td>Included groups:</td><td></td>
</tr><tr>
<td>Excluded groups:</td><td></td>
</tr>
</table><p/>
<small><i>(Hover the method name to see the test class name)</i></small><p/>
<table width='100%' border='1' class='invocation-failed'>
<tr><td colspan='4' align='center'><b>FAILED TESTS</b></td></tr>
<tr><td><b>Test method</b></td>
<td width="30%"><b>Exception</b></td>
<td width="10%"><b>Time (seconds)</b></td>
<td><b>Instance</b></td>
</tr>
<tr>
<td title='Runner.TwitterRunner.feature()'><b>feature</b><br>Test class: Runner.TwitterRunner<br>Test method: Runs Cucumber Feature<br>Parameters: Login</td>
<td><div><pre>cucumber.runtime.CucumberException: java.lang.AssertionError: 
	at cucumber.api.testng.TestNGCucumberRunner.runCucumber(TestNGCucumberRunner.java:69)
	at Runner.TwitterRunner.feature(TwitterRunner.java:29)
	at java.util.concurrent.FutureTask.run(FutureTask.java:266)
	at java.util.concurrent.ThreadPoolExecutor.runWorker(ThreadPoolExecutor.java:1149)
	at java.util.concurrent.ThreadPoolExecutor$Worker.run(ThreadPoolExecutor.java:624)
	at java.lang.Thread.run(Thread.java:748)
Caused by: java.lang.AssertionError: 
	at StepDefinitions.CommonSteps.LoginSteps.assertFrontPage(LoginSteps.java:27)
	at ✽.Given User is on frontpage(user_login.feature:4)
... Removed 20 stack frames</pre></div><a href='#' onClick='toggleBox("stack-trace1018079703", this, "Click to show all stack frames", "Click to hide stack frames")'>Click to show all stack frames</a>
<div class='stack-trace' id='stack-trace1018079703'><pre>cucumber.runtime.CucumberException: java.lang.AssertionError: 
	at cucumber.api.testng.TestNGCucumberRunner.runCucumber(TestNGCucumberRunner.java:69)
	at Runner.TwitterRunner.feature(TwitterRunner.java:29)
	at sun.reflect.NativeMethodAccessorImpl.invoke0(Native Method)
	at sun.reflect.NativeMethodAccessorImpl.invoke(NativeMethodAccessorImpl.java:62)
	at sun.reflect.DelegatingMethodAccessorImpl.invoke(DelegatingMethodAccessorImpl.java:43)
	at java.lang.reflect.Method.invoke(Method.java:498)
	at org.testng.internal.MethodInvocationHelper.invokeMethod(MethodInvocationHelper.java:85)
	at org.testng.internal.Invoker.invokeMethod(Invoker.java:639)
	at org.testng.internal.Invoker.invokeTestMethod(Invoker.java:816)
	at org.testng.internal.Invoker.invokeTestMethods(Invoker.java:1124)
	at org.testng.internal.TestMethodWorker.invokeTestMethods(TestMethodWorker.java:125)
	at org.testng.internal.TestMethodWorker.run(TestMethodWorker.java:108)
	at org.testng.TestRunner.privateRun(TestRunner.java:774)
	at org.testng.TestRunner.run(TestRunner.java:624)
	at org.testng.SuiteRunner.runTest(SuiteRunner.java:359)
	at org.testng.SuiteRunner.access$000(SuiteRunner.java:39)
	at org.testng.SuiteRunner$SuiteWorker.run(SuiteRunner.java:393)
	at org.testng.internal.thread.ThreadUtil$2.call(ThreadUtil.java:64)
	at java.util.concurrent.FutureTask.run(FutureTask.java:266)
	at java.util.concurrent.ThreadPoolExecutor.runWorker(ThreadPoolExecutor.java:1149)
	at java.util.concurrent.ThreadPoolExecutor$Worker.run(ThreadPoolExecutor.java:624)
	at java.lang.Thread.run(Thread.java:748)
Caused by: java.lang.AssertionError: 
	at org.testng.AssertJUnit.fail(AssertJUnit.java:59)
	at org.testng.AssertJUnit.assertTrue(AssertJUnit.java:24)
	at org.testng.AssertJUnit.assertFalse(AssertJUnit.java:41)
	at org.testng.AssertJUnit.assertFalse(AssertJUnit.java:49)
	at StepDefinitions.CommonSteps.LoginSteps.assertFrontPage(LoginSteps.java:27)
	at ✽.Given User is on frontpage(user_login.feature:4)
</pre></div></td>
<td>30</td>
<td>Runner.TwitterRunner@6ea12c19</td></tr>
</table><p>
<table width='100%' border='1' class='invocation-passed'>
<tr><td colspan='4' align='center'><b>PASSED TESTS</b></td></tr>
<tr><td><b>Test method</b></td>
<td width="30%"><b>Exception</b></td>
<td width="10%"><b>Time (seconds)</b></td>
<td><b>Instance</b></td>
</tr>
<tr>
<td title='Runner.TwitterRunner.feature()'><b>feature</b><br>Test class: Runner.TwitterRunner<br>Test method: Runs Cucumber Feature<br>Parameters: Add Tweet</td>
<td></td>
<td>8</td>
<td>Runner.TwitterRunner@6ea12c19</td></tr>
<tr>
<td title='Runner.TwitterRunner.feature()'><b>feature</b><br>Test class: Runner.TwitterRunner<br>Test method: Runs Cucumber Feature<br>Parameters: Delete Tweet</td>
<td></td>
<td>10</td>
<td>Runner.TwitterRunner@6ea12c19</td></tr>
<tr>
<td title='Runner.TwitterRunner.feature()'><b>feature</b><br>Test class: Runner.TwitterRunner<br>Test method: Runs Cucumber Feature<br>Parameters: Logout</td>
<td></td>
<td>9</td>
<td>Runner.TwitterRunner@6ea12c19</td></tr>
</table><p>
</body>
</html>